This file contains any messages produced by compilers while
running configure, to aid debugging if configure makes a mistake.

It was created by userspace-rcu configure 0.10.1, which was
generated by GNU Autoconf 2.69.  Invocation command line was

  $ ./configure 

## --------- ##
## Platform. ##
## --------- ##

hostname = Bharat
uname -m = x86_64
uname -r = 4.16.12
uname -s = Linux
uname -v = #3 SMP PREEMPT Sat Aug 11 15:55:09 IST 2018

/usr/bin/uname -p = unknown
/bin/uname -X     = unknown

/bin/arch              = unknown
/usr/bin/arch -k       = unknown
/usr/convex/getsysinfo = unknown
/usr/bin/hostinfo      = unknown
/bin/machine           = unknown
/usr/bin/oslevel       = unknown
/bin/universe          = unknown

PATH: /usr/local/sbin
PATH: /usr/local/bin
PATH: /usr/sbin
PATH: /usr/bin
PATH: /sbin
PATH: /bin
PATH: /usr/games
PATH: /usr/local/games


## ----------- ##
## Core tests. ##
## ----------- ##

configure:2502: checking build system type
configure:2516: result: x86_64-pc-linux-gnu
configure:2536: checking host system type
configure:2549: result: x86_64-pc-linux-gnu
configure:2569: checking target system type
configure:2582: result: x86_64-pc-linux-gnu
configure:2626: checking for a BSD-compatible install
configure:2694: result: /usr/bin/install -c
configure:2705: checking whether build environment is sane
configure:2760: result: yes
configure:2911: checking for a thread-safe mkdir -p
configure:2950: result: /bin/mkdir -p
configure:2957: checking for gawk
configure:2973: found /usr/bin/gawk
configure:2984: result: gawk
configure:2995: checking whether make sets $(MAKE)
configure:3017: result: yes
configure:3046: checking whether make supports nested variables
configure:3063: result: yes
configure:3190: checking whether to enable maintainer-specific portions of Makefiles
configure:3199: result: yes
configure:3225: checking whether make supports nested variables
configure:3242: result: yes
configure:3300: checking for style of include used by make
configure:3328: result: GNU
configure:3399: checking for gcc
configure:3415: found /usr/bin/gcc
configure:3426: result: gcc
configure:3655: checking for C compiler version
configure:3664: gcc --version >&5
gcc (Ubuntu 5.4.0-6ubuntu1~16.04.10) 5.4.0 20160609
Copyright (C) 2015 Free Software Foundation, Inc.
This is free software; see the source for copying conditions.  There is NO
warranty; not even for MERCHANTABILITY or FITNESS FOR A PARTICULAR PURPOSE.

configure:3675: $? = 0
configure:3664: gcc -v >&5
Using built-in specs.
COLLECT_GCC=gcc
COLLECT_LTO_WRAPPER=/usr/lib/gcc/x86_64-linux-gnu/5/lto-wrapper
Target: x86_64-linux-gnu
Configured with: ../src/configure -v --with-pkgversion='Ubuntu 5.4.0-6ubuntu1~16.04.10' --with-bugurl=file:///usr/share/doc/gcc-5/README.Bugs --enable-languages=c,ada,c++,java,go,d,fortran,objc,obj-c++ --prefix=/usr --program-suffix=-5 --enable-shared --enable-linker-build-id --libexecdir=/usr/lib --without-included-gettext --enable-threads=posix --libdir=/usr/lib --enable-nls --with-sysroot=/ --enable-clocale=gnu --enable-libstdcxx-debug --enable-libstdcxx-time=yes --with-default-libstdcxx-abi=new --enable-gnu-unique-object --disable-vtable-verify --enable-libmpx --enable-plugin --with-system-zlib --disable-browser-plugin --enable-java-awt=gtk --enable-gtk-cairo --with-java-home=/usr/lib/jvm/java-1.5.0-gcj-5-amd64/jre --enable-java-home --with-jvm-root-dir=/usr/lib/jvm/java-1.5.0-gcj-5-amd64 --with-jvm-jar-dir=/usr/lib/jvm-exports/java-1.5.0-gcj-5-amd64 --with-arch-directory=amd64 --with-ecj-jar=/usr/share/java/eclipse-ecj.jar --enable-objc-gc --enable-multiarch --disable-werror --with-arch-32=i686 --with-abi=m64 --with-multilib-list=m32,m64,mx32 --enable-multilib --with-tune=generic --enable-checking=release --build=x86_64-linux-gnu --host=x86_64-linux-gnu --target=x86_64-linux-gnu
Thread model: posix
gcc version 5.4.0 20160609 (Ubuntu 5.4.0-6ubuntu1~16.04.10) 
configure:3675: $? = 0
configure:3664: gcc -V >&5
gcc: error: unrecognized command line option '-V'
gcc: fatal error: no input files
compilation terminated.
configure:3675: $? = 1
configure:3664: gcc -qversion >&5
gcc: error: unrecognized command line option '-qversion'
gcc: fatal error: no input files
compilation terminated.
configure:3675: $? = 1
configure:3695: checking whether the C compiler works
configure:3717: gcc    conftest.c  >&5
configure:3721: $? = 0
configure:3769: result: yes
configure:3772: checking for C compiler default output file name
configure:3774: result: a.out
configure:3780: checking for suffix of executables
configure:3787: gcc -o conftest    conftest.c  >&5
configure:3791: $? = 0
configure:3813: result: 
configure:3835: checking whether we are cross compiling
configure:3843: gcc -o conftest    conftest.c  >&5
configure:3847: $? = 0
configure:3854: ./conftest
configure:3858: $? = 0
configure:3873: result: no
configure:3878: checking for suffix of object files
configure:3900: gcc -c   conftest.c >&5
configure:3904: $? = 0
configure:3925: result: o
configure:3929: checking whether we are using the GNU C compiler
configure:3948: gcc -c   conftest.c >&5
configure:3948: $? = 0
configure:3957: result: yes
configure:3966: checking whether gcc accepts -g
configure:3986: gcc -c -g  conftest.c >&5
configure:3986: $? = 0
configure:4027: result: yes
configure:4044: checking for gcc option to accept ISO C89
configure:4107: gcc  -c -g -O2  conftest.c >&5
configure:4107: $? = 0
configure:4120: result: none needed
configure:4145: checking whether gcc understands -c and -o together
configure:4167: gcc -c conftest.c -o conftest2.o
configure:4170: $? = 0
configure:4167: gcc -c conftest.c -o conftest2.o
configure:4170: $? = 0
configure:4182: result: yes
configure:4201: checking dependency style of gcc
configure:4312: result: gcc3
configure:4330: checking for thread local storage (TLS) class
configure:4353: gcc -o conftest -g -O2   conftest.c  >&5
configure:4353: $? = 0
configure:4366: result: __thread
configure:4400: checking how to run the C preprocessor
configure:4431: gcc -E  conftest.c
configure:4431: $? = 0
configure:4445: gcc -E  conftest.c
conftest.c:13:28: fatal error: ac_nonexistent.h: No such file or directory
compilation terminated.
configure:4445: $? = 1
configure: failed program was:
| /* confdefs.h */
| #define PACKAGE_NAME "userspace-rcu"
| #define PACKAGE_TARNAME "userspace-rcu"
| #define PACKAGE_VERSION "0.10.1"
| #define PACKAGE_STRING "userspace-rcu 0.10.1"
| #define PACKAGE_BUGREPORT "mathieu dot desnoyers at efficios dot com"
| #define PACKAGE_URL "http://liburcu.org/"
| #define PACKAGE "userspace-rcu"
| #define VERSION "0.10.1"
| #define TLS __thread
| #define CONFIG_RCU_TLS __thread
| /* end confdefs.h.  */
| #include <ac_nonexistent.h>
configure:4470: result: gcc -E
configure:4490: gcc -E  conftest.c
configure:4490: $? = 0
configure:4504: gcc -E  conftest.c
conftest.c:13:28: fatal error: ac_nonexistent.h: No such file or directory
compilation terminated.
configure:4504: $? = 1
configure: failed program was:
| /* confdefs.h */
| #define PACKAGE_NAME "userspace-rcu"
| #define PACKAGE_TARNAME "userspace-rcu"
| #define PACKAGE_VERSION "0.10.1"
| #define PACKAGE_STRING "userspace-rcu 0.10.1"
| #define PACKAGE_BUGREPORT "mathieu dot desnoyers at efficios dot com"
| #define PACKAGE_URL "http://liburcu.org/"
| #define PACKAGE "userspace-rcu"
| #define VERSION "0.10.1"
| #define TLS __thread
| #define CONFIG_RCU_TLS __thread
| /* end confdefs.h.  */
| #include <ac_nonexistent.h>
configure:4533: checking for grep that handles long lines and -e
configure:4591: result: /bin/grep
configure:4596: checking for egrep
configure:4658: result: /bin/grep -E
configure:4663: checking for ANSI C header files
configure:4683: gcc -c -g -O2  conftest.c >&5
configure:4683: $? = 0
configure:4756: gcc -o conftest -g -O2   conftest.c  >&5
configure:4756: $? = 0
configure:4756: ./conftest
configure:4756: $? = 0
configure:4767: result: yes
configure:4780: checking for sys/types.h
configure:4780: gcc -c -g -O2  conftest.c >&5
configure:4780: $? = 0
configure:4780: result: yes
configure:4780: checking for sys/stat.h
configure:4780: gcc -c -g -O2  conftest.c >&5
configure:4780: $? = 0
configure:4780: result: yes
configure:4780: checking for stdlib.h
configure:4780: gcc -c -g -O2  conftest.c >&5
configure:4780: $? = 0
configure:4780: result: yes
configure:4780: checking for string.h
configure:4780: gcc -c -g -O2  conftest.c >&5
configure:4780: $? = 0
configure:4780: result: yes
configure:4780: checking for memory.h
configure:4780: gcc -c -g -O2  conftest.c >&5
configure:4780: $? = 0
configure:4780: result: yes
configure:4780: checking for strings.h
configure:4780: gcc -c -g -O2  conftest.c >&5
configure:4780: $? = 0
configure:4780: result: yes
configure:4780: checking for inttypes.h
configure:4780: gcc -c -g -O2  conftest.c >&5
configure:4780: $? = 0
configure:4780: result: yes
configure:4780: checking for stdint.h
configure:4780: gcc -c -g -O2  conftest.c >&5
configure:4780: $? = 0
configure:4780: result: yes
configure:4780: checking for unistd.h
configure:4780: gcc -c -g -O2  conftest.c >&5
configure:4780: $? = 0
configure:4780: result: yes
configure:4793: checking minix/config.h usability
configure:4793: gcc -c -g -O2  conftest.c >&5
conftest.c:56:26: fatal error: minix/config.h: No such file or directory
compilation terminated.
configure:4793: $? = 1
configure: failed program was:
| /* confdefs.h */
| #define PACKAGE_NAME "userspace-rcu"
| #define PACKAGE_TARNAME "userspace-rcu"
| #define PACKAGE_VERSION "0.10.1"
| #define PACKAGE_STRING "userspace-rcu 0.10.1"
| #define PACKAGE_BUGREPORT "mathieu dot desnoyers at efficios dot com"
| #define PACKAGE_URL "http://liburcu.org/"
| #define PACKAGE "userspace-rcu"
| #define VERSION "0.10.1"
| #define TLS __thread
| #define CONFIG_RCU_TLS __thread
| #define STDC_HEADERS 1
| #define HAVE_SYS_TYPES_H 1
| #define HAVE_SYS_STAT_H 1
| #define HAVE_STDLIB_H 1
| #define HAVE_STRING_H 1
| #define HAVE_MEMORY_H 1
| #define HAVE_STRINGS_H 1
| #define HAVE_INTTYPES_H 1
| #define HAVE_STDINT_H 1
| #define HAVE_UNISTD_H 1
| /* end confdefs.h.  */
| #include <stdio.h>
| #ifdef HAVE_SYS_TYPES_H
| # include <sys/types.h>
| #endif
| #ifdef HAVE_SYS_STAT_H
| # include <sys/stat.h>
| #endif
| #ifdef STDC_HEADERS
| # include <stdlib.h>
| # include <stddef.h>
| #else
| # ifdef HAVE_STDLIB_H
| #  include <stdlib.h>
| # endif
| #endif
| #ifdef HAVE_STRING_H
| # if !defined STDC_HEADERS && defined HAVE_MEMORY_H
| #  include <memory.h>
| # endif
| # include <string.h>
| #endif
| #ifdef HAVE_STRINGS_H
| # include <strings.h>
| #endif
| #ifdef HAVE_INTTYPES_H
| # include <inttypes.h>
| #endif
| #ifdef HAVE_STDINT_H
| # include <stdint.h>
| #endif
| #ifdef HAVE_UNISTD_H
| # include <unistd.h>
| #endif
| #include <minix/config.h>
configure:4793: result: no
configure:4793: checking minix/config.h presence
configure:4793: gcc -E  conftest.c
conftest.c:23:26: fatal error: minix/config.h: No such file or directory
compilation terminated.
configure:4793: $? = 1
configure: failed program was:
| /* confdefs.h */
| #define PACKAGE_NAME "userspace-rcu"
| #define PACKAGE_TARNAME "userspace-rcu"
| #define PACKAGE_VERSION "0.10.1"
| #define PACKAGE_STRING "userspace-rcu 0.10.1"
| #define PACKAGE_BUGREPORT "mathieu dot desnoyers at efficios dot com"
| #define PACKAGE_URL "http://liburcu.org/"
| #define PACKAGE "userspace-rcu"
| #define VERSION "0.10.1"
| #define TLS __thread
| #define CONFIG_RCU_TLS __thread
| #define STDC_HEADERS 1
| #define HAVE_SYS_TYPES_H 1
| #define HAVE_SYS_STAT_H 1
| #define HAVE_STDLIB_H 1
| #define HAVE_STRING_H 1
| #define HAVE_MEMORY_H 1
| #define HAVE_STRINGS_H 1
| #define HAVE_INTTYPES_H 1
| #define HAVE_STDINT_H 1
| #define HAVE_UNISTD_H 1
| /* end confdefs.h.  */
| #include <minix/config.h>
configure:4793: result: no
configure:4793: checking for minix/config.h
configure:4793: result: no
configure:4814: checking whether it is safe to define __EXTENSIONS__
configure:4832: gcc -c -g -O2  conftest.c >&5
configure:4832: $? = 0
configure:4839: result: yes
configure:4901: checking for gcc
configure:4928: result: gcc
configure:5157: checking for C compiler version
configure:5166: gcc --version >&5
gcc (Ubuntu 5.4.0-6ubuntu1~16.04.10) 5.4.0 20160609
Copyright (C) 2015 Free Software Foundation, Inc.
This is free software; see the source for copying conditions.  There is NO
warranty; not even for MERCHANTABILITY or FITNESS FOR A PARTICULAR PURPOSE.

configure:5177: $? = 0
configure:5166: gcc -v >&5
Using built-in specs.
COLLECT_GCC=gcc
COLLECT_LTO_WRAPPER=/usr/lib/gcc/x86_64-linux-gnu/5/lto-wrapper
Target: x86_64-linux-gnu
Configured with: ../src/configure -v --with-pkgversion='Ubuntu 5.4.0-6ubuntu1~16.04.10' --with-bugurl=file:///usr/share/doc/gcc-5/README.Bugs --enable-languages=c,ada,c++,java,go,d,fortran,objc,obj-c++ --prefix=/usr --program-suffix=-5 --enable-shared --enable-linker-build-id --libexecdir=/usr/lib --without-included-gettext --enable-threads=posix --libdir=/usr/lib --enable-nls --with-sysroot=/ --enable-clocale=gnu --enable-libstdcxx-debug --enable-libstdcxx-time=yes --with-default-libstdcxx-abi=new --enable-gnu-unique-object --disable-vtable-verify --enable-libmpx --enable-plugin --with-system-zlib --disable-browser-plugin --enable-java-awt=gtk --enable-gtk-cairo --with-java-home=/usr/lib/jvm/java-1.5.0-gcj-5-amd64/jre --enable-java-home --with-jvm-root-dir=/usr/lib/jvm/java-1.5.0-gcj-5-amd64 --with-jvm-jar-dir=/usr/lib/jvm-exports/java-1.5.0-gcj-5-amd64 --with-arch-directory=amd64 --with-ecj-jar=/usr/share/java/eclipse-ecj.jar --enable-objc-gc --enable-multiarch --disable-werror --with-arch-32=i686 --with-abi=m64 --with-multilib-list=m32,m64,mx32 --enable-multilib --with-tune=generic --enable-checking=release --build=x86_64-linux-gnu --host=x86_64-linux-gnu --target=x86_64-linux-gnu
Thread model: posix
gcc version 5.4.0 20160609 (Ubuntu 5.4.0-6ubuntu1~16.04.10) 
configure:5177: $? = 0
configure:5166: gcc -V >&5
gcc: error: unrecognized command line option '-V'
gcc: fatal error: no input files
compilation terminated.
configure:5177: $? = 1
configure:5166: gcc -qversion >&5
gcc: error: unrecognized command line option '-qversion'
gcc: fatal error: no input files
compilation terminated.
configure:5177: $? = 1
configure:5181: checking whether we are using the GNU C compiler
configure:5209: result: yes
configure:5218: checking whether gcc accepts -g
configure:5279: result: yes
configure:5296: checking for gcc option to accept ISO C89
configure:5372: result: none needed
configure:5397: checking whether gcc understands -c and -o together
configure:5434: result: yes
configure:5453: checking dependency style of gcc
configure:5564: result: gcc3
configure:5583: checking for gcc option to accept ISO C99
configure:5732: gcc  -c -g -O2  conftest.c >&5
configure:5732: $? = 0
configure:5745: result: none needed
configure:5853: checking for gcc option to accept ISO Standard C
configure:5864: result: none needed
configure:5877: checking for gawk
configure:5904: result: gawk
configure:5915: checking whether make sets $(MAKE)
configure:5937: result: yes
configure:5950: checking for nproc
configure:5966: found /usr/bin/nproc
configure:5977: result: nproc
configure:5992: checking for getconf
configure:6008: found /usr/bin/getconf
configure:6019: result: getconf
configure:6090: checking how to print strings
configure:6117: result: printf
configure:6138: checking for a sed that does not truncate output
configure:6202: result: /bin/sed
configure:6220: checking for fgrep
configure:6282: result: /bin/grep -F
configure:6317: checking for ld used by gcc
configure:6384: result: /usr/bin/ld
configure:6391: checking if the linker (/usr/bin/ld) is GNU ld
configure:6406: result: yes
configure:6418: checking for BSD- or MS-compatible name lister (nm)
configure:6472: result: /usr/bin/nm -B
configure:6602: checking the name lister (/usr/bin/nm -B) interface
configure:6609: gcc -c -g -O2  conftest.c >&5
configure:6612: /usr/bin/nm -B "conftest.o"
configure:6615: output
0000000000000000 B some_variable
configure:6622: result: BSD nm
configure:6625: checking whether ln -s works
configure:6629: result: yes
configure:6637: checking the maximum length of command line arguments
configure:6768: result: 1572864
configure:6816: checking how to convert x86_64-pc-linux-gnu file names to x86_64-pc-linux-gnu format
configure:6856: result: func_convert_file_noop
configure:6863: checking how to convert x86_64-pc-linux-gnu file names to toolchain format
configure:6883: result: func_convert_file_noop
configure:6890: checking for /usr/bin/ld option to reload object files
configure:6897: result: -r
configure:6971: checking for objdump
configure:6987: found /usr/bin/objdump
configure:6998: result: objdump
configure:7030: checking how to recognize dependent libraries
configure:7230: result: pass_all
configure:7315: checking for dlltool
configure:7345: result: no
configure:7375: checking how to associate runtime and link libraries
configure:7402: result: printf %s\n
configure:7462: checking for ar
configure:7478: found /usr/bin/ar
configure:7489: result: ar
configure:7526: checking for archiver @FILE support
configure:7543: gcc -c -g -O2  conftest.c >&5
configure:7543: $? = 0
configure:7546: ar cru libconftest.a @conftest.lst >&5
ar: `u' modifier ignored since `D' is the default (see `U')
configure:7549: $? = 0
configure:7554: ar cru libconftest.a @conftest.lst >&5
ar: `u' modifier ignored since `D' is the default (see `U')
ar: conftest.o: No such file or directory
configure:7557: $? = 1
configure:7569: result: @
configure:7627: checking for strip
configure:7643: found /usr/bin/strip
configure:7654: result: strip
configure:7726: checking for ranlib
configure:7742: found /usr/bin/ranlib
configure:7753: result: ranlib
configure:7855: checking command to parse /usr/bin/nm -B output from gcc object
configure:8008: gcc -c -g -O2  conftest.c >&5
configure:8011: $? = 0
configure:8015: /usr/bin/nm -B conftest.o \| sed -n -e 's/^.*[ ]\([ABCDGIRSTW][ABCDGIRSTW]*\)[ ][ ]*\([_A-Za-z][_A-Za-z0-9]*\)$/\1 \2 \2/p' | sed '/ __gnu_lto/d' \> conftest.nm
configure:8018: $? = 0
configure:8084: gcc -o conftest -g -O2   conftest.c conftstm.o >&5
configure:8087: $? = 0
configure:8125: result: ok
configure:8172: checking for sysroot
configure:8202: result: no
configure:8209: checking for a working dd
configure:8247: result: /bin/dd
configure:8251: checking how to truncate binary pipes
configure:8266: result: /bin/dd bs=4096 count=1
configure:8402: gcc -c -g -O2  conftest.c >&5
configure:8405: $? = 0
configure:8595: checking for mt
configure:8611: found /bin/mt
configure:8622: result: mt
configure:8645: checking if mt is a manifest tool
configure:8651: mt '-?'
configure:8659: result: no
configure:9333: checking for dlfcn.h
configure:9333: gcc -c -g -O2  conftest.c >&5
configure:9333: $? = 0
configure:9333: result: yes
configure:9589: checking for objdir
configure:9604: result: .libs
configure:9868: checking if gcc supports -fno-rtti -fno-exceptions
configure:9886: gcc -c -g -O2  -fno-rtti -fno-exceptions conftest.c >&5
cc1: warning: command line option '-fno-rtti' is valid for C++/ObjC++ but not for C
configure:9890: $? = 0
configure:9903: result: no
configure:10261: checking for gcc option to produce PIC
configure:10268: result: -fPIC -DPIC
configure:10276: checking if gcc PIC flag -fPIC -DPIC works
configure:10294: gcc -c -g -O2  -fPIC -DPIC -DPIC conftest.c >&5
configure:10298: $? = 0
configure:10311: result: yes
configure:10340: checking if gcc static flag -static works
configure:10368: result: yes
configure:10383: checking if gcc supports -c -o file.o
configure:10404: gcc -c -g -O2  -o out/conftest2.o conftest.c >&5
configure:10408: $? = 0
configure:10430: result: yes
configure:10438: checking if gcc supports -c -o file.o
configure:10485: result: yes
configure:10518: checking whether the gcc linker (/usr/bin/ld -m elf_x86_64) supports shared libraries
configure:11781: result: yes
configure:11818: checking whether -lc should be explicitly linked in
configure:11826: gcc -c -g -O2  conftest.c >&5
configure:11829: $? = 0
configure:11844: gcc -shared  -fPIC -DPIC conftest.o  -v -Wl,-soname -Wl,conftest -o conftest 2\>\&1 \| /bin/grep  -lc  \>/dev/null 2\>\&1
configure:11847: $? = 0
configure:11861: result: no
configure:12021: checking dynamic linker characteristics
configure:12602: gcc -o conftest -g -O2   -Wl,-rpath -Wl,/foo conftest.c  >&5
configure:12602: $? = 0
configure:12851: result: GNU/Linux ld.so
configure:12973: checking how to hardcode library paths into programs
configure:12998: result: immediate
configure:13546: checking whether stripping libraries is possible
configure:13551: result: yes
configure:13586: checking if libtool supports shared libraries
configure:13588: result: yes
configure:13591: checking whether to build shared libraries
configure:13616: result: yes
configure:13619: checking whether to build static libraries
configure:13623: result: yes
configure:13662: checking for inline
configure:13678: gcc -c -g -O2  conftest.c >&5
configure:13678: $? = 0
configure:13686: result: inline
configure:13704: checking for pid_t
configure:13704: gcc -c -g -O2  conftest.c >&5
configure:13704: $? = 0
configure:13704: gcc -c -g -O2  conftest.c >&5
conftest.c: In function 'main':
conftest.c:66:20: error: expected expression before ')' token
 if (sizeof ((pid_t)))
                    ^
configure:13704: $? = 1
configure: failed program was:
| /* confdefs.h */
| #define PACKAGE_NAME "userspace-rcu"
| #define PACKAGE_TARNAME "userspace-rcu"
| #define PACKAGE_VERSION "0.10.1"
| #define PACKAGE_STRING "userspace-rcu 0.10.1"
| #define PACKAGE_BUGREPORT "mathieu dot desnoyers at efficios dot com"
| #define PACKAGE_URL "http://liburcu.org/"
| #define PACKAGE "userspace-rcu"
| #define VERSION "0.10.1"
| #define TLS __thread
| #define CONFIG_RCU_TLS __thread
| #define STDC_HEADERS 1
| #define HAVE_SYS_TYPES_H 1
| #define HAVE_SYS_STAT_H 1
| #define HAVE_STDLIB_H 1
| #define HAVE_STRING_H 1
| #define HAVE_MEMORY_H 1
| #define HAVE_STRINGS_H 1
| #define HAVE_INTTYPES_H 1
| #define HAVE_STDINT_H 1
| #define HAVE_UNISTD_H 1
| #define __EXTENSIONS__ 1
| #define _ALL_SOURCE 1
| #define _GNU_SOURCE 1
| #define _POSIX_PTHREAD_SEMANTICS 1
| #define _TANDEM_SOURCE 1
| #define HAVE_DLFCN_H 1
| #define LT_OBJDIR ".libs/"
| /* end confdefs.h.  */
| #include <stdio.h>
| #ifdef HAVE_SYS_TYPES_H
| # include <sys/types.h>
| #endif
| #ifdef HAVE_SYS_STAT_H
| # include <sys/stat.h>
| #endif
| #ifdef STDC_HEADERS
| # include <stdlib.h>
| # include <stddef.h>
| #else
| # ifdef HAVE_STDLIB_H
| #  include <stdlib.h>
| # endif
| #endif
| #ifdef HAVE_STRING_H
| # if !defined STDC_HEADERS && defined HAVE_MEMORY_H
| #  include <memory.h>
| # endif
| # include <string.h>
| #endif
| #ifdef HAVE_STRINGS_H
| # include <strings.h>
| #endif
| #ifdef HAVE_INTTYPES_H
| # include <inttypes.h>
| #endif
| #ifdef HAVE_STDINT_H
| # include <stdint.h>
| #endif
| #ifdef HAVE_UNISTD_H
| # include <unistd.h>
| #endif
| int
| main ()
| {
| if (sizeof ((pid_t)))
| 	    return 0;
|   ;
|   return 0;
| }
configure:13704: result: yes
configure:13715: checking for size_t
configure:13715: gcc -c -g -O2  conftest.c >&5
configure:13715: $? = 0
configure:13715: gcc -c -g -O2  conftest.c >&5
conftest.c: In function 'main':
conftest.c:66:21: error: expected expression before ')' token
 if (sizeof ((size_t)))
                     ^
configure:13715: $? = 1
configure: failed program was:
| /* confdefs.h */
| #define PACKAGE_NAME "userspace-rcu"
| #define PACKAGE_TARNAME "userspace-rcu"
| #define PACKAGE_VERSION "0.10.1"
| #define PACKAGE_STRING "userspace-rcu 0.10.1"
| #define PACKAGE_BUGREPORT "mathieu dot desnoyers at efficios dot com"
| #define PACKAGE_URL "http://liburcu.org/"
| #define PACKAGE "userspace-rcu"
| #define VERSION "0.10.1"
| #define TLS __thread
| #define CONFIG_RCU_TLS __thread
| #define STDC_HEADERS 1
| #define HAVE_SYS_TYPES_H 1
| #define HAVE_SYS_STAT_H 1
| #define HAVE_STDLIB_H 1
| #define HAVE_STRING_H 1
| #define HAVE_MEMORY_H 1
| #define HAVE_STRINGS_H 1
| #define HAVE_INTTYPES_H 1
| #define HAVE_STDINT_H 1
| #define HAVE_UNISTD_H 1
| #define __EXTENSIONS__ 1
| #define _ALL_SOURCE 1
| #define _GNU_SOURCE 1
| #define _POSIX_PTHREAD_SEMANTICS 1
| #define _TANDEM_SOURCE 1
| #define HAVE_DLFCN_H 1
| #define LT_OBJDIR ".libs/"
| /* end confdefs.h.  */
| #include <stdio.h>
| #ifdef HAVE_SYS_TYPES_H
| # include <sys/types.h>
| #endif
| #ifdef HAVE_SYS_STAT_H
| # include <sys/stat.h>
| #endif
| #ifdef STDC_HEADERS
| # include <stdlib.h>
| # include <stddef.h>
| #else
| # ifdef HAVE_STDLIB_H
| #  include <stdlib.h>
| # endif
| #endif
| #ifdef HAVE_STRING_H
| # if !defined STDC_HEADERS && defined HAVE_MEMORY_H
| #  include <memory.h>
| # endif
| # include <string.h>
| #endif
| #ifdef HAVE_STRINGS_H
| # include <strings.h>
| #endif
| #ifdef HAVE_INTTYPES_H
| # include <inttypes.h>
| #endif
| #ifdef HAVE_STDINT_H
| # include <stdint.h>
| #endif
| #ifdef HAVE_UNISTD_H
| # include <unistd.h>
| #endif
| int
| main ()
| {
| if (sizeof ((size_t)))
| 	    return 0;
|   ;
|   return 0;
| }
configure:13715: result: yes
configure:13726: checking for ssize_t
configure:13726: gcc -c -g -O2  conftest.c >&5
configure:13726: $? = 0
configure:13726: gcc -c -g -O2  conftest.c >&5
conftest.c: In function 'main':
conftest.c:66:22: error: expected expression before ')' token
 if (sizeof ((ssize_t)))
                      ^
configure:13726: $? = 1
configure: failed program was:
| /* confdefs.h */
| #define PACKAGE_NAME "userspace-rcu"
| #define PACKAGE_TARNAME "userspace-rcu"
| #define PACKAGE_VERSION "0.10.1"
| #define PACKAGE_STRING "userspace-rcu 0.10.1"
| #define PACKAGE_BUGREPORT "mathieu dot desnoyers at efficios dot com"
| #define PACKAGE_URL "http://liburcu.org/"
| #define PACKAGE "userspace-rcu"
| #define VERSION "0.10.1"
| #define TLS __thread
| #define CONFIG_RCU_TLS __thread
| #define STDC_HEADERS 1
| #define HAVE_SYS_TYPES_H 1
| #define HAVE_SYS_STAT_H 1
| #define HAVE_STDLIB_H 1
| #define HAVE_STRING_H 1
| #define HAVE_MEMORY_H 1
| #define HAVE_STRINGS_H 1
| #define HAVE_INTTYPES_H 1
| #define HAVE_STDINT_H 1
| #define HAVE_UNISTD_H 1
| #define __EXTENSIONS__ 1
| #define _ALL_SOURCE 1
| #define _GNU_SOURCE 1
| #define _POSIX_PTHREAD_SEMANTICS 1
| #define _TANDEM_SOURCE 1
| #define HAVE_DLFCN_H 1
| #define LT_OBJDIR ".libs/"
| /* end confdefs.h.  */
| #include <stdio.h>
| #ifdef HAVE_SYS_TYPES_H
| # include <sys/types.h>
| #endif
| #ifdef HAVE_SYS_STAT_H
| # include <sys/stat.h>
| #endif
| #ifdef STDC_HEADERS
| # include <stdlib.h>
| # include <stddef.h>
| #else
| # ifdef HAVE_STDLIB_H
| #  include <stdlib.h>
| # endif
| #endif
| #ifdef HAVE_STRING_H
| # if !defined STDC_HEADERS && defined HAVE_MEMORY_H
| #  include <memory.h>
| # endif
| # include <string.h>
| #endif
| #ifdef HAVE_STRINGS_H
| # include <strings.h>
| #endif
| #ifdef HAVE_INTTYPES_H
| # include <inttypes.h>
| #endif
| #ifdef HAVE_STDINT_H
| # include <stdint.h>
| #endif
| #ifdef HAVE_UNISTD_H
| # include <unistd.h>
| #endif
| int
| main ()
| {
| if (sizeof ((ssize_t)))
| 	    return 0;
|   ;
|   return 0;
| }
configure:13726: result: yes
configure:13737: checking for uint16_t
configure:13737: gcc -c -g -O2  conftest.c >&5
configure:13737: $? = 0
configure:13737: result: yes
configure:13749: checking for int32_t
configure:13749: gcc -c -g -O2  conftest.c >&5
configure:13749: $? = 0
configure:13749: gcc -c -g -O2  conftest.c >&5
conftest.c: In function 'main':
conftest.c:68:53: warning: integer overflow in expression [-Woverflow]
    < (int32_t) (((((int32_t) 1 << N) << N) - 1) * 2 + 2))];
                                                     ^
conftest.c:67:12: error: storage size of 'test_array' isn't constant
 static int test_array [1 - 2 * !((int32_t) (((((int32_t) 1 << N) << N) - 1) * 2 + 1)
            ^
configure:13749: $? = 1
configure: failed program was:
| /* confdefs.h */
| #define PACKAGE_NAME "userspace-rcu"
| #define PACKAGE_TARNAME "userspace-rcu"
| #define PACKAGE_VERSION "0.10.1"
| #define PACKAGE_STRING "userspace-rcu 0.10.1"
| #define PACKAGE_BUGREPORT "mathieu dot desnoyers at efficios dot com"
| #define PACKAGE_URL "http://liburcu.org/"
| #define PACKAGE "userspace-rcu"
| #define VERSION "0.10.1"
| #define TLS __thread
| #define CONFIG_RCU_TLS __thread
| #define STDC_HEADERS 1
| #define HAVE_SYS_TYPES_H 1
| #define HAVE_SYS_STAT_H 1
| #define HAVE_STDLIB_H 1
| #define HAVE_STRING_H 1
| #define HAVE_MEMORY_H 1
| #define HAVE_STRINGS_H 1
| #define HAVE_INTTYPES_H 1
| #define HAVE_STDINT_H 1
| #define HAVE_UNISTD_H 1
| #define __EXTENSIONS__ 1
| #define _ALL_SOURCE 1
| #define _GNU_SOURCE 1
| #define _POSIX_PTHREAD_SEMANTICS 1
| #define _TANDEM_SOURCE 1
| #define HAVE_DLFCN_H 1
| #define LT_OBJDIR ".libs/"
| /* end confdefs.h.  */
| #include <stdio.h>
| #ifdef HAVE_SYS_TYPES_H
| # include <sys/types.h>
| #endif
| #ifdef HAVE_SYS_STAT_H
| # include <sys/stat.h>
| #endif
| #ifdef STDC_HEADERS
| # include <stdlib.h>
| # include <stddef.h>
| #else
| # ifdef HAVE_STDLIB_H
| #  include <stdlib.h>
| # endif
| #endif
| #ifdef HAVE_STRING_H
| # if !defined STDC_HEADERS && defined HAVE_MEMORY_H
| #  include <memory.h>
| # endif
| # include <string.h>
| #endif
| #ifdef HAVE_STRINGS_H
| # include <strings.h>
| #endif
| #ifdef HAVE_INTTYPES_H
| # include <inttypes.h>
| #endif
| #ifdef HAVE_STDINT_H
| # include <stdint.h>
| #endif
| #ifdef HAVE_UNISTD_H
| # include <unistd.h>
| #endif
| 	        enum { N = 32 / 2 - 1 };
| int
| main ()
| {
| static int test_array [1 - 2 * !((int32_t) (((((int32_t) 1 << N) << N) - 1) * 2 + 1)
| 		 < (int32_t) (((((int32_t) 1 << N) << N) - 1) * 2 + 2))];
| test_array [0] = 0;
| return test_array [0];
| 
|   ;
|   return 0;
| }
configure:13749: result: yes
configure:13760: checking for uint32_t
configure:13760: gcc -c -g -O2  conftest.c >&5
configure:13760: $? = 0
configure:13760: result: yes
configure:13774: checking for uint64_t
configure:13774: gcc -c -g -O2  conftest.c >&5
configure:13774: $? = 0
configure:13774: result: yes
configure:13788: checking for uint8_t
configure:13788: gcc -c -g -O2  conftest.c >&5
configure:13788: $? = 0
configure:13788: result: yes
configure:13804: checking for __attribute__
configure:13826: gcc -c -g -O2  conftest.c >&5
configure:13826: $? = 0
configure:13835: result: yes
configure:14032: checking whether gcc is Clang
configure:14057: result: no
configure:14180: checking whether pthreads work with -pthread
configure:14274: gcc -o conftest -g -O2 -pthread   conftest.c   >&5
configure:14274: $? = 0
configure:14283: result: yes
configure:14302: checking for joinable pthread attribute
configure:14320: gcc -o conftest -g -O2 -pthread   conftest.c   >&5
configure:14320: $? = 0
configure:14328: result: PTHREAD_CREATE_JOINABLE
configure:14342: checking whether more special flags are required for pthreads
configure:14355: result: no
configure:14363: checking for PTHREAD_PRIO_INHERIT
configure:14379: gcc -o conftest -g -O2 -pthread   conftest.c   >&5
configure:14379: $? = 0
configure:14388: result: yes
configure:14500: checking for stdlib.h
configure:14500: result: yes
configure:14500: checking for unistd.h
configure:14500: result: yes
configure:14500: checking for sys/param.h
configure:14500: gcc -c -g -O2  conftest.c >&5
configure:14500: $? = 0
configure:14500: result: yes
configure:14520: checking for getpagesize
configure:14520: gcc -o conftest -g -O2   conftest.c  >&5
configure:14520: $? = 0
configure:14520: result: yes
configure:14529: checking for working mmap
configure:14676: gcc -o conftest -g -O2   conftest.c  >&5
configure:14676: $? = 0
configure:14676: ./conftest
configure:14676: $? = 0
configure:14686: result: yes
configure:14697: checking vfork.h usability
configure:14697: gcc -c -g -O2  conftest.c >&5
conftest.c:71:19: fatal error: vfork.h: No such file or directory
compilation terminated.
configure:14697: $? = 1
configure: failed program was:
| /* confdefs.h */
| #define PACKAGE_NAME "userspace-rcu"
| #define PACKAGE_TARNAME "userspace-rcu"
| #define PACKAGE_VERSION "0.10.1"
| #define PACKAGE_STRING "userspace-rcu 0.10.1"
| #define PACKAGE_BUGREPORT "mathieu dot desnoyers at efficios dot com"
| #define PACKAGE_URL "http://liburcu.org/"
| #define PACKAGE "userspace-rcu"
| #define VERSION "0.10.1"
| #define TLS __thread
| #define CONFIG_RCU_TLS __thread
| #define STDC_HEADERS 1
| #define HAVE_SYS_TYPES_H 1
| #define HAVE_SYS_STAT_H 1
| #define HAVE_STDLIB_H 1
| #define HAVE_STRING_H 1
| #define HAVE_MEMORY_H 1
| #define HAVE_STRINGS_H 1
| #define HAVE_INTTYPES_H 1
| #define HAVE_STDINT_H 1
| #define HAVE_UNISTD_H 1
| #define __EXTENSIONS__ 1
| #define _ALL_SOURCE 1
| #define _GNU_SOURCE 1
| #define _POSIX_PTHREAD_SEMANTICS 1
| #define _TANDEM_SOURCE 1
| #define HAVE_DLFCN_H 1
| #define LT_OBJDIR ".libs/"
| #define HAVE___ATTRIBUTE__ 1
| #define HAVE_PTHREAD_PRIO_INHERIT 1
| #define HAVE_PTHREAD 1
| #define HAVE_STDLIB_H 1
| #define HAVE_UNISTD_H 1
| #define HAVE_SYS_PARAM_H 1
| #define HAVE_GETPAGESIZE 1
| #define HAVE_MMAP 1
| /* end confdefs.h.  */
| #include <stdio.h>
| #ifdef HAVE_SYS_TYPES_H
| # include <sys/types.h>
| #endif
| #ifdef HAVE_SYS_STAT_H
| # include <sys/stat.h>
| #endif
| #ifdef STDC_HEADERS
| # include <stdlib.h>
| # include <stddef.h>
| #else
| # ifdef HAVE_STDLIB_H
| #  include <stdlib.h>
| # endif
| #endif
| #ifdef HAVE_STRING_H
| # if !defined STDC_HEADERS && defined HAVE_MEMORY_H
| #  include <memory.h>
| # endif
| # include <string.h>
| #endif
| #ifdef HAVE_STRINGS_H
| # include <strings.h>
| #endif
| #ifdef HAVE_INTTYPES_H
| # include <inttypes.h>
| #endif
| #ifdef HAVE_STDINT_H
| # include <stdint.h>
| #endif
| #ifdef HAVE_UNISTD_H
| # include <unistd.h>
| #endif
| #include <vfork.h>
configure:14697: result: no
configure:14697: checking vfork.h presence
configure:14697: gcc -E  conftest.c
conftest.c:38:19: fatal error: vfork.h: No such file or directory
compilation terminated.
configure:14697: $? = 1
configure: failed program was:
| /* confdefs.h */
| #define PACKAGE_NAME "userspace-rcu"
| #define PACKAGE_TARNAME "userspace-rcu"
| #define PACKAGE_VERSION "0.10.1"
| #define PACKAGE_STRING "userspace-rcu 0.10.1"
| #define PACKAGE_BUGREPORT "mathieu dot desnoyers at efficios dot com"
| #define PACKAGE_URL "http://liburcu.org/"
| #define PACKAGE "userspace-rcu"
| #define VERSION "0.10.1"
| #define TLS __thread
| #define CONFIG_RCU_TLS __thread
| #define STDC_HEADERS 1
| #define HAVE_SYS_TYPES_H 1
| #define HAVE_SYS_STAT_H 1
| #define HAVE_STDLIB_H 1
| #define HAVE_STRING_H 1
| #define HAVE_MEMORY_H 1
| #define HAVE_STRINGS_H 1
| #define HAVE_INTTYPES_H 1
| #define HAVE_STDINT_H 1
| #define HAVE_UNISTD_H 1
| #define __EXTENSIONS__ 1
| #define _ALL_SOURCE 1
| #define _GNU_SOURCE 1
| #define _POSIX_PTHREAD_SEMANTICS 1
| #define _TANDEM_SOURCE 1
| #define HAVE_DLFCN_H 1
| #define LT_OBJDIR ".libs/"
| #define HAVE___ATTRIBUTE__ 1
| #define HAVE_PTHREAD_PRIO_INHERIT 1
| #define HAVE_PTHREAD 1
| #define HAVE_STDLIB_H 1
| #define HAVE_UNISTD_H 1
| #define HAVE_SYS_PARAM_H 1
| #define HAVE_GETPAGESIZE 1
| #define HAVE_MMAP 1
| /* end confdefs.h.  */
| #include <vfork.h>
configure:14697: result: no
configure:14697: checking for vfork.h
configure:14697: result: no
configure:14710: checking for fork
configure:14710: gcc -o conftest -g -O2   conftest.c  >&5
conftest.c:61:6: warning: conflicting types for built-in function 'fork'
 char fork ();
      ^
configure:14710: $? = 0
configure:14710: result: yes
configure:14710: checking for vfork
configure:14710: gcc -o conftest -g -O2   conftest.c  >&5
configure:14710: $? = 0
configure:14710: result: yes
configure:14720: checking for working fork
configure:14742: gcc -o conftest -g -O2   conftest.c  >&5
configure:14742: $? = 0
configure:14742: ./conftest
configure:14742: $? = 0
configure:14752: result: yes
configure:14773: checking for working vfork
configure:14883: result: yes
configure:14924: checking for atexit
configure:14924: gcc -o conftest -g -O2   conftest.c  >&5
configure:14924: $? = 0
configure:14924: result: yes
configure:14924: checking for getcpuid
configure:14924: gcc -o conftest -g -O2   conftest.c  >&5
/tmp/ccrndVQc.o: In function `main':
/home/bharat/Desktop/RCU/ft-urcu/userspace-rcu-0.10.1/conftest.c:77: undefined reference to `getcpuid'
collect2: error: ld returned 1 exit status
configure:14924: $? = 1
configure: failed program was:
| /* confdefs.h */
| #define PACKAGE_NAME "userspace-rcu"
| #define PACKAGE_TARNAME "userspace-rcu"
| #define PACKAGE_VERSION "0.10.1"
| #define PACKAGE_STRING "userspace-rcu 0.10.1"
| #define PACKAGE_BUGREPORT "mathieu dot desnoyers at efficios dot com"
| #define PACKAGE_URL "http://liburcu.org/"
| #define PACKAGE "userspace-rcu"
| #define VERSION "0.10.1"
| #define TLS __thread
| #define CONFIG_RCU_TLS __thread
| #define STDC_HEADERS 1
| #define HAVE_SYS_TYPES_H 1
| #define HAVE_SYS_STAT_H 1
| #define HAVE_STDLIB_H 1
| #define HAVE_STRING_H 1
| #define HAVE_MEMORY_H 1
| #define HAVE_STRINGS_H 1
| #define HAVE_INTTYPES_H 1
| #define HAVE_STDINT_H 1
| #define HAVE_UNISTD_H 1
| #define __EXTENSIONS__ 1
| #define _ALL_SOURCE 1
| #define _GNU_SOURCE 1
| #define _POSIX_PTHREAD_SEMANTICS 1
| #define _TANDEM_SOURCE 1
| #define HAVE_DLFCN_H 1
| #define LT_OBJDIR ".libs/"
| #define HAVE___ATTRIBUTE__ 1
| #define HAVE_PTHREAD_PRIO_INHERIT 1
| #define HAVE_PTHREAD 1
| #define HAVE_STDLIB_H 1
| #define HAVE_UNISTD_H 1
| #define HAVE_SYS_PARAM_H 1
| #define HAVE_GETPAGESIZE 1
| #define HAVE_MMAP 1
| #define HAVE_FORK 1
| #define HAVE_VFORK 1
| #define HAVE_WORKING_VFORK 1
| #define HAVE_WORKING_FORK 1
| #define HAVE_ATEXIT 1
| /* end confdefs.h.  */
| /* Define getcpuid to an innocuous variant, in case <limits.h> declares getcpuid.
|    For example, HP-UX 11i <limits.h> declares gettimeofday.  */
| #define getcpuid innocuous_getcpuid
| 
| /* System header to define __stub macros and hopefully few prototypes,
|     which can conflict with char getcpuid (); below.
|     Prefer <limits.h> to <assert.h> if __STDC__ is defined, since
|     <limits.h> exists even on freestanding compilers.  */
| 
| #ifdef __STDC__
| # include <limits.h>
| #else
| # include <assert.h>
| #endif
| 
| #undef getcpuid
| 
| /* Override any GCC internal prototype to avoid an error.
|    Use char because int might match the return type of a GCC
|    builtin and then its argument prototype would still apply.  */
| #ifdef __cplusplus
| extern "C"
| #endif
| char getcpuid ();
| /* The GNU C library defines this for functions which it implements
|     to always fail with ENOSYS.  Some functions are actually named
|     something starting with __ and the normal name is an alias.  */
| #if defined __stub_getcpuid || defined __stub___getcpuid
| choke me
| #endif
| 
| int
| main ()
| {
| return getcpuid ();
|   ;
|   return 0;
| }
configure:14924: result: no
configure:14924: checking for gettid
configure:14924: gcc -o conftest -g -O2   conftest.c  >&5
/tmp/cc7ETAbf.o: In function `main':
/home/bharat/Desktop/RCU/ft-urcu/userspace-rcu-0.10.1/conftest.c:77: undefined reference to `gettid'
collect2: error: ld returned 1 exit status
configure:14924: $? = 1
configure: failed program was:
| /* confdefs.h */
| #define PACKAGE_NAME "userspace-rcu"
| #define PACKAGE_TARNAME "userspace-rcu"
| #define PACKAGE_VERSION "0.10.1"
| #define PACKAGE_STRING "userspace-rcu 0.10.1"
| #define PACKAGE_BUGREPORT "mathieu dot desnoyers at efficios dot com"
| #define PACKAGE_URL "http://liburcu.org/"
| #define PACKAGE "userspace-rcu"
| #define VERSION "0.10.1"
| #define TLS __thread
| #define CONFIG_RCU_TLS __thread
| #define STDC_HEADERS 1
| #define HAVE_SYS_TYPES_H 1
| #define HAVE_SYS_STAT_H 1
| #define HAVE_STDLIB_H 1
| #define HAVE_STRING_H 1
| #define HAVE_MEMORY_H 1
| #define HAVE_STRINGS_H 1
| #define HAVE_INTTYPES_H 1
| #define HAVE_STDINT_H 1
| #define HAVE_UNISTD_H 1
| #define __EXTENSIONS__ 1
| #define _ALL_SOURCE 1
| #define _GNU_SOURCE 1
| #define _POSIX_PTHREAD_SEMANTICS 1
| #define _TANDEM_SOURCE 1
| #define HAVE_DLFCN_H 1
| #define LT_OBJDIR ".libs/"
| #define HAVE___ATTRIBUTE__ 1
| #define HAVE_PTHREAD_PRIO_INHERIT 1
| #define HAVE_PTHREAD 1
| #define HAVE_STDLIB_H 1
| #define HAVE_UNISTD_H 1
| #define HAVE_SYS_PARAM_H 1
| #define HAVE_GETPAGESIZE 1
| #define HAVE_MMAP 1
| #define HAVE_FORK 1
| #define HAVE_VFORK 1
| #define HAVE_WORKING_VFORK 1
| #define HAVE_WORKING_FORK 1
| #define HAVE_ATEXIT 1
| /* end confdefs.h.  */
| /* Define gettid to an innocuous variant, in case <limits.h> declares gettid.
|    For example, HP-UX 11i <limits.h> declares gettimeofday.  */
| #define gettid innocuous_gettid
| 
| /* System header to define __stub macros and hopefully few prototypes,
|     which can conflict with char gettid (); below.
|     Prefer <limits.h> to <assert.h> if __STDC__ is defined, since
|     <limits.h> exists even on freestanding compilers.  */
| 
| #ifdef __STDC__
| # include <limits.h>
| #else
| # include <assert.h>
| #endif
| 
| #undef gettid
| 
| /* Override any GCC internal prototype to avoid an error.
|    Use char because int might match the return type of a GCC
|    builtin and then its argument prototype would still apply.  */
| #ifdef __cplusplus
| extern "C"
| #endif
| char gettid ();
| /* The GNU C library defines this for functions which it implements
|     to always fail with ENOSYS.  Some functions are actually named
|     something starting with __ and the normal name is an alias.  */
| #if defined __stub_gettid || defined __stub___gettid
| choke me
| #endif
| 
| int
| main ()
| {
| return gettid ();
|   ;
|   return 0;
| }
configure:14924: result: no
configure:14924: checking for gettimeofday
configure:14924: gcc -o conftest -g -O2   conftest.c  >&5
configure:14924: $? = 0
configure:14924: result: yes
configure:14924: checking for memeset
configure:14924: gcc -o conftest -g -O2   conftest.c  >&5
/tmp/ccPzncVk.o: In function `main':
/home/bharat/Desktop/RCU/ft-urcu/userspace-rcu-0.10.1/conftest.c:78: undefined reference to `memeset'
collect2: error: ld returned 1 exit status
configure:14924: $? = 1
configure: failed program was:
| /* confdefs.h */
| #define PACKAGE_NAME "userspace-rcu"
| #define PACKAGE_TARNAME "userspace-rcu"
| #define PACKAGE_VERSION "0.10.1"
| #define PACKAGE_STRING "userspace-rcu 0.10.1"
| #define PACKAGE_BUGREPORT "mathieu dot desnoyers at efficios dot com"
| #define PACKAGE_URL "http://liburcu.org/"
| #define PACKAGE "userspace-rcu"
| #define VERSION "0.10.1"
| #define TLS __thread
| #define CONFIG_RCU_TLS __thread
| #define STDC_HEADERS 1
| #define HAVE_SYS_TYPES_H 1
| #define HAVE_SYS_STAT_H 1
| #define HAVE_STDLIB_H 1
| #define HAVE_STRING_H 1
| #define HAVE_MEMORY_H 1
| #define HAVE_STRINGS_H 1
| #define HAVE_INTTYPES_H 1
| #define HAVE_STDINT_H 1
| #define HAVE_UNISTD_H 1
| #define __EXTENSIONS__ 1
| #define _ALL_SOURCE 1
| #define _GNU_SOURCE 1
| #define _POSIX_PTHREAD_SEMANTICS 1
| #define _TANDEM_SOURCE 1
| #define HAVE_DLFCN_H 1
| #define LT_OBJDIR ".libs/"
| #define HAVE___ATTRIBUTE__ 1
| #define HAVE_PTHREAD_PRIO_INHERIT 1
| #define HAVE_PTHREAD 1
| #define HAVE_STDLIB_H 1
| #define HAVE_UNISTD_H 1
| #define HAVE_SYS_PARAM_H 1
| #define HAVE_GETPAGESIZE 1
| #define HAVE_MMAP 1
| #define HAVE_FORK 1
| #define HAVE_VFORK 1
| #define HAVE_WORKING_VFORK 1
| #define HAVE_WORKING_FORK 1
| #define HAVE_ATEXIT 1
| #define HAVE_GETTIMEOFDAY 1
| /* end confdefs.h.  */
| /* Define memeset to an innocuous variant, in case <limits.h> declares memeset.
|    For example, HP-UX 11i <limits.h> declares gettimeofday.  */
| #define memeset innocuous_memeset
| 
| /* System header to define __stub macros and hopefully few prototypes,
|     which can conflict with char memeset (); below.
|     Prefer <limits.h> to <assert.h> if __STDC__ is defined, since
|     <limits.h> exists even on freestanding compilers.  */
| 
| #ifdef __STDC__
| # include <limits.h>
| #else
| # include <assert.h>
| #endif
| 
| #undef memeset
| 
| /* Override any GCC internal prototype to avoid an error.
|    Use char because int might match the return type of a GCC
|    builtin and then its argument prototype would still apply.  */
| #ifdef __cplusplus
| extern "C"
| #endif
| char memeset ();
| /* The GNU C library defines this for functions which it implements
|     to always fail with ENOSYS.  Some functions are actually named
|     something starting with __ and the normal name is an alias.  */
| #if defined __stub_memeset || defined __stub___memeset
| choke me
| #endif
| 
| int
| main ()
| {
| return memeset ();
|   ;
|   return 0;
| }
configure:14924: result: no
configure:14924: checking for memset
configure:14924: gcc -o conftest -g -O2   conftest.c  >&5
conftest.c:67:6: warning: conflicting types for built-in function 'memset'
 char memset ();
      ^
configure:14924: $? = 0
configure:14924: result: yes
configure:14924: checking for munmap
configure:14924: gcc -o conftest -g -O2   conftest.c  >&5
configure:14924: $? = 0
configure:14924: result: yes
configure:14924: checking for rand_r
configure:14924: gcc -o conftest -g -O2   conftest.c  >&5
configure:14924: $? = 0
configure:14924: result: yes
configure:14924: checking for sched_getcpu
configure:14924: gcc -o conftest -g -O2   conftest.c  >&5
configure:14924: $? = 0
configure:14924: result: yes
configure:14924: checking for strerror
configure:14924: gcc -o conftest -g -O2   conftest.c  >&5
configure:14924: $? = 0
configure:14924: result: yes
configure:14924: checking for strtoul
configure:14924: gcc -o conftest -g -O2   conftest.c  >&5
configure:14924: $? = 0
configure:14924: result: yes
configure:14924: checking for sysconf
configure:14924: gcc -o conftest -g -O2   conftest.c  >&5
configure:14924: $? = 0
configure:14924: result: yes
configure:14938: checking for stdbool.h that conforms to C99
configure:15005: gcc -c -g -O2  conftest.c >&5
configure:15005: $? = 0
configure:15012: result: yes
configure:15014: checking for _Bool
configure:15014: gcc -c -g -O2  conftest.c >&5
configure:15014: $? = 0
configure:15014: gcc -c -g -O2  conftest.c >&5
conftest.c: In function 'main':
conftest.c:87:20: error: expected expression before ')' token
 if (sizeof ((_Bool)))
                    ^
configure:15014: $? = 1
configure: failed program was:
| /* confdefs.h */
| #define PACKAGE_NAME "userspace-rcu"
| #define PACKAGE_TARNAME "userspace-rcu"
| #define PACKAGE_VERSION "0.10.1"
| #define PACKAGE_STRING "userspace-rcu 0.10.1"
| #define PACKAGE_BUGREPORT "mathieu dot desnoyers at efficios dot com"
| #define PACKAGE_URL "http://liburcu.org/"
| #define PACKAGE "userspace-rcu"
| #define VERSION "0.10.1"
| #define TLS __thread
| #define CONFIG_RCU_TLS __thread
| #define STDC_HEADERS 1
| #define HAVE_SYS_TYPES_H 1
| #define HAVE_SYS_STAT_H 1
| #define HAVE_STDLIB_H 1
| #define HAVE_STRING_H 1
| #define HAVE_MEMORY_H 1
| #define HAVE_STRINGS_H 1
| #define HAVE_INTTYPES_H 1
| #define HAVE_STDINT_H 1
| #define HAVE_UNISTD_H 1
| #define __EXTENSIONS__ 1
| #define _ALL_SOURCE 1
| #define _GNU_SOURCE 1
| #define _POSIX_PTHREAD_SEMANTICS 1
| #define _TANDEM_SOURCE 1
| #define HAVE_DLFCN_H 1
| #define LT_OBJDIR ".libs/"
| #define HAVE___ATTRIBUTE__ 1
| #define HAVE_PTHREAD_PRIO_INHERIT 1
| #define HAVE_PTHREAD 1
| #define HAVE_STDLIB_H 1
| #define HAVE_UNISTD_H 1
| #define HAVE_SYS_PARAM_H 1
| #define HAVE_GETPAGESIZE 1
| #define HAVE_MMAP 1
| #define HAVE_FORK 1
| #define HAVE_VFORK 1
| #define HAVE_WORKING_VFORK 1
| #define HAVE_WORKING_FORK 1
| #define HAVE_ATEXIT 1
| #define HAVE_GETTIMEOFDAY 1
| #define HAVE_MEMSET 1
| #define HAVE_MUNMAP 1
| #define HAVE_RAND_R 1
| #define HAVE_SCHED_GETCPU 1
| #define HAVE_STRERROR 1
| #define HAVE_STRTOUL 1
| #define HAVE_SYSCONF 1
| /* end confdefs.h.  */
| #include <stdio.h>
| #ifdef HAVE_SYS_TYPES_H
| # include <sys/types.h>
| #endif
| #ifdef HAVE_SYS_STAT_H
| # include <sys/stat.h>
| #endif
| #ifdef STDC_HEADERS
| # include <stdlib.h>
| # include <stddef.h>
| #else
| # ifdef HAVE_STDLIB_H
| #  include <stdlib.h>
| # endif
| #endif
| #ifdef HAVE_STRING_H
| # if !defined STDC_HEADERS && defined HAVE_MEMORY_H
| #  include <memory.h>
| # endif
| # include <string.h>
| #endif
| #ifdef HAVE_STRINGS_H
| # include <strings.h>
| #endif
| #ifdef HAVE_INTTYPES_H
| # include <inttypes.h>
| #endif
| #ifdef HAVE_STDINT_H
| # include <stdint.h>
| #endif
| #ifdef HAVE_UNISTD_H
| # include <unistd.h>
| #endif
| int
| main ()
| {
| if (sizeof ((_Bool)))
| 	    return 0;
|   ;
|   return 0;
| }
configure:15014: result: yes
configure:15039: checking limits.h usability
configure:15039: gcc -c -g -O2  conftest.c >&5
configure:15039: $? = 0
configure:15039: result: yes
configure:15039: checking limits.h presence
configure:15039: gcc -E  conftest.c
configure:15039: $? = 0
configure:15039: result: yes
configure:15039: checking for limits.h
configure:15039: result: yes
configure:15039: checking stddef.h usability
configure:15039: gcc -c -g -O2  conftest.c >&5
configure:15039: $? = 0
configure:15039: result: yes
configure:15039: checking stddef.h presence
configure:15039: gcc -E  conftest.c
configure:15039: $? = 0
configure:15039: result: yes
configure:15039: checking for stddef.h
configure:15039: result: yes
configure:15039: checking for sys/param.h
configure:15039: result: yes
configure:15039: checking sys/time.h usability
configure:15039: gcc -c -g -O2  conftest.c >&5
configure:15039: $? = 0
configure:15039: result: yes
configure:15039: checking sys/time.h presence
configure:15039: gcc -E  conftest.c
configure:15039: $? = 0
configure:15039: result: yes
configure:15039: checking for sys/time.h
configure:15039: result: yes
configure:15222: checking if architecture really supports the mfence instruction
configure:15232: result: yes
configure:15249: checking for sys_futex()
configure:15261: gcc -c -g -O2  conftest.c >&5
configure:15261: $? = 0
configure:15263: result: yes
configure:15279: checking for library containing clock_gettime
configure:15310: gcc -o conftest -g -O2   conftest.c  >&5
configure:15310: $? = 0
configure:15327: result: none required
configure:15417: checking for cpu_set_t
configure:15417: gcc -c -g -O2  conftest.c >&5
configure:15417: $? = 0
configure:15417: gcc -c -g -O2  conftest.c >&5
conftest.c: In function 'main':
conftest.c:66:24: error: expected expression before ')' token
 if (sizeof ((cpu_set_t)))
                        ^
configure:15417: $? = 1
configure: failed program was:
| /* confdefs.h */
| #define PACKAGE_NAME "userspace-rcu"
| #define PACKAGE_TARNAME "userspace-rcu"
| #define PACKAGE_VERSION "0.10.1"
| #define PACKAGE_STRING "userspace-rcu 0.10.1"
| #define PACKAGE_BUGREPORT "mathieu dot desnoyers at efficios dot com"
| #define PACKAGE_URL "http://liburcu.org/"
| #define PACKAGE "userspace-rcu"
| #define VERSION "0.10.1"
| #define TLS __thread
| #define CONFIG_RCU_TLS __thread
| #define STDC_HEADERS 1
| #define HAVE_SYS_TYPES_H 1
| #define HAVE_SYS_STAT_H 1
| #define HAVE_STDLIB_H 1
| #define HAVE_STRING_H 1
| #define HAVE_MEMORY_H 1
| #define HAVE_STRINGS_H 1
| #define HAVE_INTTYPES_H 1
| #define HAVE_STDINT_H 1
| #define HAVE_UNISTD_H 1
| #define __EXTENSIONS__ 1
| #define _ALL_SOURCE 1
| #define _GNU_SOURCE 1
| #define _POSIX_PTHREAD_SEMANTICS 1
| #define _TANDEM_SOURCE 1
| #define HAVE_DLFCN_H 1
| #define LT_OBJDIR ".libs/"
| #define HAVE___ATTRIBUTE__ 1
| #define HAVE_PTHREAD_PRIO_INHERIT 1
| #define HAVE_PTHREAD 1
| #define HAVE_STDLIB_H 1
| #define HAVE_UNISTD_H 1
| #define HAVE_SYS_PARAM_H 1
| #define HAVE_GETPAGESIZE 1
| #define HAVE_MMAP 1
| #define HAVE_FORK 1
| #define HAVE_VFORK 1
| #define HAVE_WORKING_VFORK 1
| #define HAVE_WORKING_FORK 1
| #define HAVE_ATEXIT 1
| #define HAVE_GETTIMEOFDAY 1
| #define HAVE_MEMSET 1
| #define HAVE_MUNMAP 1
| #define HAVE_RAND_R 1
| #define HAVE_SCHED_GETCPU 1
| #define HAVE_STRERROR 1
| #define HAVE_STRTOUL 1
| #define HAVE_SYSCONF 1
| #define HAVE__BOOL 1
| #define HAVE_STDBOOL_H 1
| #define HAVE_LIMITS_H 1
| #define HAVE_STDDEF_H 1
| #define HAVE_SYS_PARAM_H 1
| #define HAVE_SYS_TIME_H 1
| #define CONFIG_RCU_HAVE_FENCE 1
| #define CONFIG_RCU_HAVE_FUTEX 1
| #define CONFIG_RCU_HAVE_CLOCK_GETTIME 1
| #define CONFIG_RCU_SMP 1
| /* end confdefs.h.  */
| #include <sched.h>
| 
| int
| main ()
| {
| if (sizeof ((cpu_set_t)))
| 	    return 0;
|   ;
|   return 0;
| }
configure:15417: result: yes
configure:15432: checking whether CPU_ZERO works
configure:15447: gcc -c -g -O2  conftest.c >&5
configure:15447: $? = 0
configure:15451: result: yes
configure:15463: checking whether CPU_SET works
configure:15478: gcc -c -g -O2  conftest.c >&5
configure:15478: $? = 0
configure:15482: result: yes
configure:15496: checking for sched_setaffinity
configure:15496: gcc -o conftest -g -O2   conftest.c  >&5
configure:15496: $? = 0
configure:15496: result: yes
configure:15513: checking how many arguments sched_setaffinity takes
configure:15528: gcc -c -g -O2  conftest.c >&5
configure:15528: $? = 0
configure:15539: result: 3
configure:15673: checking that generated files are newer than configure
configure:15679: result: done
configure:15730: creating ./config.status

## ---------------------- ##
## Running config.status. ##
## ---------------------- ##

This file was extended by userspace-rcu config.status 0.10.1, which was
generated by GNU Autoconf 2.69.  Invocation command line was

  CONFIG_FILES    = 
  CONFIG_HEADERS  = 
  CONFIG_LINKS    = 
  CONFIG_COMMANDS = 
  $ ./config.status 

on Bharat

config.status:1181: creating Makefile
config.status:1181: creating doc/Makefile
config.status:1181: creating doc/examples/Makefile
config.status:1181: creating include/Makefile
config.status:1181: creating src/Makefile
config.status:1181: creating tests/Makefile
config.status:1181: creating tests/common/Makefile
config.status:1181: creating tests/unit/Makefile
config.status:1181: creating tests/benchmark/Makefile
config.status:1181: creating tests/regression/Makefile
config.status:1181: creating tests/regression/regression_tests
config.status:1181: creating tests/utils/Makefile
config.status:1181: creating src/liburcu.pc
config.status:1181: creating src/liburcu-bp.pc
config.status:1181: creating src/liburcu-cds.pc
config.status:1181: creating src/liburcu-qsbr.pc
config.status:1181: creating src/liburcu-mb.pc
config.status:1181: creating src/liburcu-signal.pc
config.status:1181: creating include/config.h
config.status:1362: include/config.h is unchanged
config.status:1181: creating include/urcu/config.h
config.status:1362: include/urcu/config.h is unchanged
config.status:1422: linking include/urcu/arch/x86.h to include/urcu/arch.h
config.status:1422: linking include/urcu/uatomic/x86.h to include/urcu/uatomic.h
config.status:1441: executing depfiles commands
config.status:1441: executing libtool commands
configure:17944: checking for tput
configure:17962: found /usr/bin/tput
configure:17974: result: /usr/bin/tput

## ---------------- ##
## Cache variables. ##
## ---------------- ##

ac_cv_build=x86_64-pc-linux-gnu
ac_cv_c_compiler_gnu=yes
ac_cv_c_inline=inline
ac_cv_c_int32_t=yes
ac_cv_c_uint16_t=yes
ac_cv_c_uint32_t=yes
ac_cv_c_uint64_t=yes
ac_cv_c_uint8_t=yes
ac_cv_env_CC_set=
ac_cv_env_CC_value=
ac_cv_env_CFLAGS_set=
ac_cv_env_CFLAGS_value=
ac_cv_env_CPPFLAGS_set=
ac_cv_env_CPPFLAGS_value=
ac_cv_env_CPP_set=
ac_cv_env_CPP_value=
ac_cv_env_LDFLAGS_set=
ac_cv_env_LDFLAGS_value=
ac_cv_env_LIBS_set=
ac_cv_env_LIBS_value=
ac_cv_env_LT_SYS_LIBRARY_PATH_set=
ac_cv_env_LT_SYS_LIBRARY_PATH_value=
ac_cv_env_build_alias_set=
ac_cv_env_build_alias_value=
ac_cv_env_host_alias_set=
ac_cv_env_host_alias_value=
ac_cv_env_target_alias_set=
ac_cv_env_target_alias_value=
ac_cv_func_atexit=yes
ac_cv_func_fork=yes
ac_cv_func_fork_works=yes
ac_cv_func_getcpuid=no
ac_cv_func_getpagesize=yes
ac_cv_func_gettid=no
ac_cv_func_gettimeofday=yes
ac_cv_func_memeset=no
ac_cv_func_memset=yes
ac_cv_func_mmap_fixed_mapped=yes
ac_cv_func_munmap=yes
ac_cv_func_rand_r=yes
ac_cv_func_sched_getcpu=yes
ac_cv_func_sched_setaffinity=yes
ac_cv_func_strerror=yes
ac_cv_func_strtoul=yes
ac_cv_func_sysconf=yes
ac_cv_func_vfork=yes
ac_cv_func_vfork_works=yes
ac_cv_header_dlfcn_h=yes
ac_cv_header_inttypes_h=yes
ac_cv_header_limits_h=yes
ac_cv_header_memory_h=yes
ac_cv_header_minix_config_h=no
ac_cv_header_stdbool_h=yes
ac_cv_header_stdc=yes
ac_cv_header_stddef_h=yes
ac_cv_header_stdint_h=yes
ac_cv_header_stdlib_h=yes
ac_cv_header_string_h=yes
ac_cv_header_strings_h=yes
ac_cv_header_sys_param_h=yes
ac_cv_header_sys_stat_h=yes
ac_cv_header_sys_time_h=yes
ac_cv_header_sys_types_h=yes
ac_cv_header_unistd_h=yes
ac_cv_header_vfork_h=no
ac_cv_host=x86_64-pc-linux-gnu
ac_cv_objext=o
ac_cv_path_EGREP='/bin/grep -E'
ac_cv_path_FGREP='/bin/grep -F'
ac_cv_path_GREP=/bin/grep
ac_cv_path_SED=/bin/sed
ac_cv_path_install='/usr/bin/install -c'
ac_cv_path_lt_DD=/bin/dd
ac_cv_path_mkdir=/bin/mkdir
ac_cv_path_pprint_tput=/usr/bin/tput
ac_cv_prog_AWK=gawk
ac_cv_prog_CPP='gcc -E'
ac_cv_prog_GETCONF=getconf
ac_cv_prog_NPROC=nproc
ac_cv_prog_ac_ct_AR=ar
ac_cv_prog_ac_ct_CC=gcc
ac_cv_prog_ac_ct_MANIFEST_TOOL=mt
ac_cv_prog_ac_ct_OBJDUMP=objdump
ac_cv_prog_ac_ct_RANLIB=ranlib
ac_cv_prog_ac_ct_STRIP=strip
ac_cv_prog_cc_c89=
ac_cv_prog_cc_c99=
ac_cv_prog_cc_g=yes
ac_cv_prog_cc_stdc=
ac_cv_prog_make_make_set=yes
ac_cv_safe_to_define___extensions__=yes
ac_cv_search_clock_gettime='none required'
ac_cv_target=x86_64-pc-linux-gnu
ac_cv_tls=__thread
ac_cv_type__Bool=yes
ac_cv_type_cpu_set_t=yes
ac_cv_type_pid_t=yes
ac_cv_type_size_t=yes
ac_cv_type_ssize_t=yes
am_cv_CC_dependencies_compiler_type=gcc3
am_cv_make_support_nested_variables=yes
am_cv_prog_cc_c_o=yes
ax_cv_PTHREAD_CLANG=no
ax_cv_PTHREAD_JOINABLE_ATTR=PTHREAD_CREATE_JOINABLE
ax_cv_PTHREAD_PRIO_INHERIT=yes
ax_cv_PTHREAD_SPECIAL_FLAGS=no
ax_cv___attribute__=yes
lt_cv_ar_at_file=@
lt_cv_archive_cmds_need_lc=no
lt_cv_deplibs_check_method=pass_all
lt_cv_file_magic_cmd='$MAGIC_CMD'
lt_cv_file_magic_test_file=
lt_cv_ld_reload_flag=-r
lt_cv_nm_interface='BSD nm'
lt_cv_objdir=.libs
lt_cv_path_LD=/usr/bin/ld
lt_cv_path_NM='/usr/bin/nm -B'
lt_cv_path_mainfest_tool=no
lt_cv_prog_compiler_c_o=yes
lt_cv_prog_compiler_pic='-fPIC -DPIC'
lt_cv_prog_compiler_pic_works=yes
lt_cv_prog_compiler_rtti_exceptions=no
lt_cv_prog_compiler_static_works=yes
lt_cv_prog_gnu_ld=yes
lt_cv_sharedlib_from_linklib_cmd='printf %s\n'
lt_cv_shlibpath_overrides_runpath=no
lt_cv_sys_global_symbol_pipe='sed -n -e '\''s/^.*[	 ]\([ABCDGIRSTW][ABCDGIRSTW]*\)[	 ][	 ]*\([_A-Za-z][_A-Za-z0-9]*\)$/\1 \2 \2/p'\'' | sed '\''/ __gnu_lto/d'\'''
lt_cv_sys_global_symbol_to_c_name_address='sed -n -e '\''s/^: \(.*\) .*$/  {"\1", (void *) 0},/p'\'' -e '\''s/^[ABCDGIRSTW][ABCDGIRSTW]* .* \(.*\)$/  {"\1", (void *) \&\1},/p'\'''
lt_cv_sys_global_symbol_to_c_name_address_lib_prefix='sed -n -e '\''s/^: \(.*\) .*$/  {"\1", (void *) 0},/p'\'' -e '\''s/^[ABCDGIRSTW][ABCDGIRSTW]* .* \(lib.*\)$/  {"\1", (void *) \&\1},/p'\'' -e '\''s/^[ABCDGIRSTW][ABCDGIRSTW]* .* \(.*\)$/  {"lib\1", (void *) \&\1},/p'\'''
lt_cv_sys_global_symbol_to_cdecl='sed -n -e '\''s/^T .* \(.*\)$/extern int \1();/p'\'' -e '\''s/^[ABCDGIRSTW][ABCDGIRSTW]* .* \(.*\)$/extern char \1;/p'\'''
lt_cv_sys_global_symbol_to_import=
lt_cv_sys_max_cmd_len=1572864
lt_cv_to_host_file_cmd=func_convert_file_noop
lt_cv_to_tool_file_cmd=func_convert_file_noop
lt_cv_truncate_bin='/bin/dd bs=4096 count=1'

## ----------------- ##
## Output variables. ##
## ----------------- ##

ACLOCAL='${SHELL} /home/bharat/Desktop/RCU/ft-urcu/userspace-rcu-0.10.1/config/missing aclocal-1.15'
AMDEPBACKSLASH='\'
AMDEP_FALSE='#'
AMDEP_TRUE=''
AMTAR='$${TAR-tar}'
AM_BACKSLASH='\'
AM_CFLAGS='-Wall  -pthread'
AM_CPPFLAGS='-include config.h'
AM_DEFAULT_V='$(AM_DEFAULT_VERBOSITY)'
AM_DEFAULT_VERBOSITY='0'
AM_V='$(V)'
AR='ar'
ARCHTYPE='x86'
AUTOCONF='${SHELL} /home/bharat/Desktop/RCU/ft-urcu/userspace-rcu-0.10.1/config/missing autoconf'
AUTOHEADER='${SHELL} /home/bharat/Desktop/RCU/ft-urcu/userspace-rcu-0.10.1/config/missing autoheader'
AUTOMAKE='${SHELL} /home/bharat/Desktop/RCU/ft-urcu/userspace-rcu-0.10.1/config/missing automake-1.15'
AWK='gawk'
CC='gcc'
CCDEPMODE='depmode=gcc3'
CFLAGS='-g -O2'
COMPAT_ARCH_FALSE=''
COMPAT_ARCH_TRUE='#'
COMPAT_FUTEX_FALSE=''
COMPAT_FUTEX_TRUE='#'
CPP='gcc -E'
CPPFLAGS=''
CYGPATH_W='echo'
DEFS='-DHAVE_CONFIG_H'
DEPDIR='.deps'
DLLTOOL='false'
DSYMUTIL=''
DUMPBIN=''
ECHO_C=''
ECHO_N='-n'
ECHO_T=''
EGREP='/bin/grep -E'
EXEEXT=''
FGREP='/bin/grep -F'
GETCONF='getconf'
GREP='/bin/grep'
INSTALL_DATA='${INSTALL} -m 644'
INSTALL_PROGRAM='${INSTALL}'
INSTALL_SCRIPT='${INSTALL}'
INSTALL_STRIP_PROGRAM='$(install_sh) -c -s'
LD='/usr/bin/ld -m elf_x86_64'
LDFLAGS=''
LIBOBJS=''
LIBS=''
LIBTOOL='$(SHELL) $(top_builddir)/libtool'
LIPO=''
LN_S='ln -s'
LTLIBOBJS=''
LT_SYS_LIBRARY_PATH=''
MAINT=''
MAINTAINER_MODE_FALSE='#'
MAINTAINER_MODE_TRUE=''
MAKEINFO='${SHELL} /home/bharat/Desktop/RCU/ft-urcu/userspace-rcu-0.10.1/config/missing makeinfo'
MANIFEST_TOOL=':'
MKDIR_P='/bin/mkdir -p'
NM='/usr/bin/nm -B'
NMEDIT=''
NO_SHARED_FALSE=''
NO_SHARED_TRUE='#'
NPROC='nproc'
NPROC_CMD='nproc'
OBJDUMP='objdump'
OBJEXT='o'
OTOOL64=''
OTOOL=''
PACKAGE='userspace-rcu'
PACKAGE_BUGREPORT='mathieu dot desnoyers at efficios dot com'
PACKAGE_NAME='userspace-rcu'
PACKAGE_STRING='userspace-rcu 0.10.1'
PACKAGE_TARNAME='userspace-rcu'
PACKAGE_URL='http://liburcu.org/'
PACKAGE_VERSION='0.10.1'
PATH_SEPARATOR=':'
PTHREAD_CC='gcc'
PTHREAD_CFLAGS='-pthread'
PTHREAD_LIBS=''
RANLIB='ranlib'
SED='/bin/sed'
SET_MAKE=''
SHELL='/bin/bash'
STRIP='strip'
SUBARCHTYPE=''
URCU_LIBRARY_VERSION='6:0:0'
USE_CYGWIN_FALSE=''
USE_CYGWIN_TRUE='#'
VERSION='0.10.1'
ac_ct_AR='ar'
ac_ct_CC='gcc'
ac_ct_DUMPBIN=''
am__EXEEXT_FALSE=''
am__EXEEXT_TRUE='#'
am__fastdepCC_FALSE='#'
am__fastdepCC_TRUE=''
am__include='include'
am__isrc=''
am__leading_dot='.'
am__nodep='_no'
am__quote=''
am__tar='$${TAR-tar} chof - "$$tardir"'
am__untar='$${TAR-tar} xf -'
ax_pthread_config=''
bindir='${exec_prefix}/bin'
build='x86_64-pc-linux-gnu'
build_alias=''
build_cpu='x86_64'
build_os='linux-gnu'
build_vendor='pc'
datadir='${datarootdir}'
datarootdir='${prefix}/share'
docdir='${datarootdir}/doc/${PACKAGE_TARNAME}'
dvidir='${docdir}'
exec_prefix='${prefix}'
host='x86_64-pc-linux-gnu'
host_alias=''
host_cpu='x86_64'
host_os='linux-gnu'
host_vendor='pc'
htmldir='${docdir}'
includedir='${prefix}/include'
infodir='${datarootdir}/info'
install_sh='${SHELL} /home/bharat/Desktop/RCU/ft-urcu/userspace-rcu-0.10.1/config/install-sh'
libdir='${exec_prefix}/lib'
libexecdir='${exec_prefix}/libexec'
localedir='${datarootdir}/locale'
localstatedir='${prefix}/var'
mandir='${datarootdir}/man'
mkdir_p='$(MKDIR_P)'
oldincludedir='/usr/include'
pdfdir='${docdir}'
pprint_tput='/usr/bin/tput'
prefix='/usr/local'
program_transform_name='s,x,x,'
psdir='${docdir}'
runstatedir='${localstatedir}/run'
sbindir='${exec_prefix}/sbin'
sharedstatedir='${prefix}/com'
sysconfdir='${prefix}/etc'
target='x86_64-pc-linux-gnu'
target_alias=''
target_cpu='x86_64'
target_os='linux-gnu'
target_vendor='pc'

## ----------- ##
## confdefs.h. ##
## ----------- ##

/* confdefs.h */
#define PACKAGE_NAME "userspace-rcu"
#define PACKAGE_TARNAME "userspace-rcu"
#define PACKAGE_VERSION "0.10.1"
#define PACKAGE_STRING "userspace-rcu 0.10.1"
#define PACKAGE_BUGREPORT "mathieu dot desnoyers at efficios dot com"
#define PACKAGE_URL "http://liburcu.org/"
#define PACKAGE "userspace-rcu"
#define VERSION "0.10.1"
#define TLS __thread
#define CONFIG_RCU_TLS __thread
#define STDC_HEADERS 1
#define HAVE_SYS_TYPES_H 1
#define HAVE_SYS_STAT_H 1
#define HAVE_STDLIB_H 1
#define HAVE_STRING_H 1
#define HAVE_MEMORY_H 1
#define HAVE_STRINGS_H 1
#define HAVE_INTTYPES_H 1
#define HAVE_STDINT_H 1
#define HAVE_UNISTD_H 1
#define __EXTENSIONS__ 1
#define _ALL_SOURCE 1
#define _GNU_SOURCE 1
#define _POSIX_PTHREAD_SEMANTICS 1
#define _TANDEM_SOURCE 1
#define HAVE_DLFCN_H 1
#define LT_OBJDIR ".libs/"
#define HAVE___ATTRIBUTE__ 1
#define HAVE_PTHREAD_PRIO_INHERIT 1
#define HAVE_PTHREAD 1
#define HAVE_STDLIB_H 1
#define HAVE_UNISTD_H 1
#define HAVE_SYS_PARAM_H 1
#define HAVE_GETPAGESIZE 1
#define HAVE_MMAP 1
#define HAVE_FORK 1
#define HAVE_VFORK 1
#define HAVE_WORKING_VFORK 1
#define HAVE_WORKING_FORK 1
#define HAVE_ATEXIT 1
#define HAVE_GETTIMEOFDAY 1
#define HAVE_MEMSET 1
#define HAVE_MUNMAP 1
#define HAVE_RAND_R 1
#define HAVE_SCHED_GETCPU 1
#define HAVE_STRERROR 1
#define HAVE_STRTOUL 1
#define HAVE_SYSCONF 1
#define HAVE__BOOL 1
#define HAVE_STDBOOL_H 1
#define HAVE_LIMITS_H 1
#define HAVE_STDDEF_H 1
#define HAVE_SYS_PARAM_H 1
#define HAVE_SYS_TIME_H 1
#define CONFIG_RCU_HAVE_FENCE 1
#define CONFIG_RCU_HAVE_FUTEX 1
#define CONFIG_RCU_HAVE_CLOCK_GETTIME 1
#define CONFIG_RCU_SMP 1
#define HAVE_CPU_SET_T 1
#define HAVE_CPU_ZERO 1
#define HAVE_CPU_SET 1
#define HAVE_SCHED_SETAFFINITY 1
#define SCHED_SETAFFINITY_ARGS 3

configure: exit 0
